2025-04-26 01:58:02,766 - process - INFO - _tcplisten	success
module: __mp_main__
2025-04-26 01:58:02,771 - process - INFO - _udplisten	success
module: __mp_main__
2025-04-26 01:58:04,600 - process - INFO - _task	success
module: core.depend.protocol.udp.broadcastor
2025-04-26 01:58:04,695 - process - INFO - _task	success
module: core.depend.protocol.udp.broadcastor
2025-04-26 01:58:04,884 - process - INFO - _task	success
module: core.depend.protocol.udp.broadcastor
2025-04-26 01:58:04,996 - process - INFO - _task	success
module: core.depend.protocol.udp.broadcastor
2025-04-26 01:58:05,090 - process - INFO - _task	success
module: core.depend.protocol.udp.broadcastor
2025-04-26 01:58:05,230 - process - INFO - _task	success
module: core.depend.protocol.udp.broadcastor
2025-04-26 01:58:05,309 - process - INFO - _task	success
module: core.depend.protocol.udp.broadcastor
2025-04-26 01:58:05,356 - process - INFO - _task	success
module: core.depend.protocol.udp.broadcastor
2025-04-26 01:58:05,499 - process - INFO - _task	success
module: core.depend.protocol.udp.broadcastor
2025-04-26 01:58:05,656 - process - INFO - _task	success
module: core.depend.protocol.udp.broadcastor
