2025-07-10 05:42:56,941 - dbmq - INFO - connect to mysql service, current: None

2025-07-10 05:43:15,073 - dbmq - INFO - connect to mysql service, current: sys

2025-07-10 05:59:36,800 - dbmq - INFO - connect to mysql service, current: sys

2025-07-10 06:00:48,756 - dbmq - INFO - connect to mysql service, current: sys

2025-07-10 06:07:50,779 - dbmq - INFO - connect to mysql service, current: sys

2025-07-10 06:10:52,448 - dbmq - INFO - connect to mysql service, current: sys

2025-07-10 06:11:36,307 - dbmq - INFO - connect to mysql service, current: sys

2025-07-10 06:12:29,752 - dbmq - INFO - connect to mysql service, current: sys

2025-07-10 06:14:25,924 - dbmq - INFO - connect to mysql service, current: sys

2025-07-10 06:15:01,351 - dbmq - INFO - connect to mysql service, current: sys

2025-07-10 06:15:31,097 - dbmq - INFO - connect to mysql service, current: sys

2025-07-10 06:16:10,644 - dbmq - INFO - connect to mysql service, current: sys

2025-07-10 06:17:00,634 - dbmq - INFO - connect to mysql service, current: sys

2025-07-10 06:17:00,635 - dbmq - ERROR - (1007, "Can't create database 'test'; database exists")

2025-07-10 06:17:00,654 - dbmq - INFO - connect to mysql service, current: test

2025-07-10 06:17:51,551 - dbmq - INFO - connect to mysql service, current: test

2025-07-10 06:17:51,556 - dbmq - INFO - select table_name from information_schema.tables where table_schema = 'test'

2025-07-10 06:18:15,634 - dbmq - INFO - connect to mysql service, current: test

2025-07-10 06:18:15,636 - dbmq - INFO - select table_name from information_schema.tables where table_schema = 'test'
('testn1',)
2025-07-10 06:18:40,895 - dbmq - INFO - connect to mysql service, current: sys

2025-07-10 06:18:40,900 - dbmq - INFO - select table_name from information_schema.tables where table_schema = 'sys'
('host_summary', 'host_summary_by_file_io', 'host_summary_by_file_io_type', 'host_summary_by_stages', 'host_summary_by_statement_latency', 'host_summary_by_statement_type', 'innodb_buffer_stats_by_schema', 'innodb_buffer_stats_by_table', 'innodb_lock_waits', 'io_by_thread_by_latency', 'io_global_by_file_by_bytes', 'io_global_by_file_by_latency', 'io_global_by_wait_by_bytes', 'io_global_by_wait_by_latency', 'latest_file_io', 'memory_by_host_by_current_bytes', 'memory_by_thread_by_current_bytes', 'memory_by_user_by_current_bytes', 'memory_global_by_current_bytes', 'memory_global_total', 'metrics', 'processlist', 'ps_check_lost_instrumentation', 'schema_auto_increment_columns', 'schema_index_statistics', 'schema_object_overview', 'schema_redundant_indexes', 'schema_table_lock_waits', 'schema_table_statistics', 'schema_table_statistics_with_buffer', 'schema_tables_with_full_table_scans', 'schema_unused_indexes', 'session', 'session_ssl_status', 'statement_analysis', 'statements_with_errors_or_warnings', 'statements_with_full_table_scans', 'statements_with_runtimes_in_95th_percentile', 'statements_with_sorting', 'statements_with_temp_tables', 'sys_config', 'user_summary', 'user_summary_by_file_io', 'user_summary_by_file_io_type', 'user_summary_by_stages', 'user_summary_by_statement_latency', 'user_summary_by_statement_type', 'version', 'wait_classes_global_by_avg_latency', 'wait_classes_global_by_latency', 'waits_by_host_by_latency', 'waits_by_user_by_latency', 'waits_global_by_latency', 'x$host_summary', 'x$host_summary_by_file_io', 'x$host_summary_by_file_io_type', 'x$host_summary_by_stages', 'x$host_summary_by_statement_latency', 'x$host_summary_by_statement_type', 'x$innodb_buffer_stats_by_schema', 'x$innodb_buffer_stats_by_table', 'x$innodb_lock_waits', 'x$io_by_thread_by_latency', 'x$io_global_by_file_by_bytes', 'x$io_global_by_file_by_latency', 'x$io_global_by_wait_by_bytes', 'x$io_global_by_wait_by_latency', 'x$latest_file_io', 'x$memory_by_host_by_current_bytes', 'x$memory_by_thread_by_current_bytes', 'x$memory_by_user_by_current_bytes', 'x$memory_global_by_current_bytes', 'x$memory_global_total', 'x$processlist', 'x$ps_digest_95th_percentile_by_avg_us', 'x$ps_digest_avg_latency_distribution', 'x$ps_schema_table_statistics_io', 'x$schema_flattened_keys', 'x$schema_index_statistics', 'x$schema_table_lock_waits', 'x$schema_table_statistics', 'x$schema_table_statistics_with_buffer', 'x$schema_tables_with_full_table_scans', 'x$session', 'x$statement_analysis', 'x$statements_with_errors_or_warnings', 'x$statements_with_full_table_scans', 'x$statements_with_runtimes_in_95th_percentile', 'x$statements_with_sorting', 'x$statements_with_temp_tables', 'x$user_summary', 'x$user_summary_by_file_io', 'x$user_summary_by_file_io_type', 'x$user_summary_by_stages', 'x$user_summary_by_statement_latency', 'x$user_summary_by_statement_type', 'x$wait_classes_global_by_avg_latency', 'x$wait_classes_global_by_latency', 'x$waits_by_host_by_latency', 'x$waits_by_user_by_latency', 'x$waits_global_by_latency')
2025-07-10 06:18:56,972 - dbmq - INFO - connect to mysql service, current: sys

2025-07-10 06:18:56,975 - dbmq - INFO - select table_name from information_schema.tables where table_schema = 'sys'
host_summary	host_summary_by_file_io	host_summary_by_file_io_type	host_summary_by_stages	host_summary_by_statement_latency	host_summary_by_statement_type	innodb_buffer_stats_by_schema	innodb_buffer_stats_by_table	innodb_lock_waits	io_by_thread_by_latency	io_global_by_file_by_bytes	io_global_by_file_by_latency	io_global_by_wait_by_bytes	io_global_by_wait_by_latency	latest_file_io	memory_by_host_by_current_bytes	memory_by_thread_by_current_bytes	memory_by_user_by_current_bytes	memory_global_by_current_bytes	memory_global_total	metrics	processlist	ps_check_lost_instrumentation	schema_auto_increment_columns	schema_index_statistics	schema_object_overview	schema_redundant_indexes	schema_table_lock_waits	schema_table_statistics	schema_table_statistics_with_buffer	schema_tables_with_full_table_scans	schema_unused_indexes	session	session_ssl_status	statement_analysis	statements_with_errors_or_warnings	statements_with_full_table_scans	statements_with_runtimes_in_95th_percentile	statements_with_sorting	statements_with_temp_tables	sys_config	user_summary	user_summary_by_file_io	user_summary_by_file_io_type	user_summary_by_stages	user_summary_by_statement_latency	user_summary_by_statement_type	version	wait_classes_global_by_avg_latency	wait_classes_global_by_latency	waits_by_host_by_latency	waits_by_user_by_latency	waits_global_by_latency	x$host_summary	x$host_summary_by_file_io	x$host_summary_by_file_io_type	x$host_summary_by_stages	x$host_summary_by_statement_latency	x$host_summary_by_statement_type	x$innodb_buffer_stats_by_schema	x$innodb_buffer_stats_by_table	x$innodb_lock_waits	x$io_by_thread_by_latency	x$io_global_by_file_by_bytes	x$io_global_by_file_by_latency	x$io_global_by_wait_by_bytes	x$io_global_by_wait_by_latency	x$latest_file_io	x$memory_by_host_by_current_bytes	x$memory_by_thread_by_current_bytes	x$memory_by_user_by_current_bytes	x$memory_global_by_current_bytes	x$memory_global_total	x$processlist	x$ps_digest_95th_percentile_by_avg_us	x$ps_digest_avg_latency_distribution	x$ps_schema_table_statistics_io	x$schema_flattened_keys	x$schema_index_statistics	x$schema_table_lock_waits	x$schema_table_statistics	x$schema_table_statistics_with_buffer	x$schema_tables_with_full_table_scans	x$session	x$statement_analysis	x$statements_with_errors_or_warnings	x$statements_with_full_table_scans	x$statements_with_runtimes_in_95th_percentile	x$statements_with_sorting	x$statements_with_temp_tables	x$user_summary	x$user_summary_by_file_io	x$user_summary_by_file_io_type	x$user_summary_by_stages	x$user_summary_by_statement_latency	x$user_summary_by_statement_type	x$wait_classes_global_by_avg_latency	x$wait_classes_global_by_latency	x$waits_by_host_by_latency	x$waits_by_user_by_latency	x$waits_global_by_latency
2025-07-10 06:19:49,608 - dbmq - INFO - connect to mysql service, current: sys

2025-07-10 06:19:49,612 - dbmq - INFO - show databases

2025-07-10 06:20:09,228 - dbmq - INFO - connect to mysql service, current: sys

2025-07-10 06:20:09,229 - dbmq - INFO - show databases

2025-07-10 06:20:42,783 - dbmq - INFO - connect to mysql service, current: sys

2025-07-10 06:20:42,786 - dbmq - INFO - show databases

2025-07-11 13:56:30,139 - dbmq - INFO - connect to mysql service, current: djangodata


2025-07-11 13:57:17,373 - dbmq - INFO - connect to mysql service, current: djangodata


2025-07-11 13:57:19,120 - dbmq - INFO - connect to mysql service, current: djangodata


2025-07-11 13:57:34,134 - dbmq - INFO - connect to mysql service, current: djangodata


2025-07-11 13:57:37,929 - dbmq - INFO - connect to mysql service, current: djangodata


2025-07-11 13:57:46,727 - dbmq - INFO - connect to mysql service, current: djangodata


2025-07-11 13:57:50,545 - dbmq - INFO - connect to mysql service, current: djangodata


2025-07-11 13:57:52,343 - dbmq - INFO - connect to mysql service, current: djangodata


2025-07-11 13:58:07,689 - dbmq - INFO - connect to mysql service, current: djangodata


2025-07-11 13:58:25,563 - dbmq - INFO - connect to mysql service, current: djangodata


2025-07-11 13:58:30,363 - dbmq - INFO - connect to mysql service, current: djangodata


2025-07-11 13:58:35,155 - dbmq - INFO - connect to mysql service, current: djangodata


2025-07-11 13:58:40,919 - dbmq - INFO - connect to mysql service, current: djangodata


2025-07-11 13:58:42,708 - dbmq - INFO - connect to mysql service, current: djangodata


2025-07-11 13:58:44,492 - dbmq - INFO - connect to mysql service, current: djangodata


2025-07-11 13:58:46,271 - dbmq - INFO - connect to mysql service, current: djangodata


2025-07-11 13:58:53,044 - dbmq - INFO - connect to mysql service, current: djangodata


2025-07-11 13:58:54,810 - dbmq - INFO - connect to mysql service, current: djangodata


2025-07-11 13:59:10,431 - dbmq - INFO - connect to mysql service, current: djangodata


2025-07-11 13:59:15,230 - dbmq - INFO - connect to mysql service, current: djangodata


2025-07-11 13:59:19,022 - dbmq - INFO - connect to mysql service, current: djangodata


2025-07-11 13:59:20,774 - dbmq - INFO - connect to mysql service, current: djangodata


2025-07-11 13:59:22,562 - dbmq - INFO - connect to mysql service, current: djangodata


2025-07-11 13:59:47,481 - dbmq - INFO - connect to mysql service, current: djangodata


2025-07-11 13:59:50,312 - dbmq - INFO - connect to mysql service, current: djangodata


2025-07-11 13:59:55,096 - dbmq - INFO - connect to mysql service, current: djangodata


2025-07-11 13:59:56,853 - dbmq - INFO - connect to mysql service, current: djangodata


2025-07-11 14:00:08,706 - dbmq - INFO - connect to mysql service, current: djangodata


2025-07-11 14:00:11,497 - dbmq - INFO - connect to mysql service, current: djangodata


2025-07-11 14:00:15,294 - dbmq - INFO - connect to mysql service, current: djangodata


2025-07-11 14:00:24,154 - dbmq - INFO - connect to mysql service, current: djangodata


2025-07-11 14:00:26,930 - dbmq - INFO - connect to mysql service, current: djangodata


2025-07-11 14:00:35,747 - dbmq - INFO - connect to mysql service, current: djangodata


2025-07-11 14:00:37,627 - dbmq - INFO - connect to mysql service, current: djangodata


2025-07-11 14:00:46,450 - dbmq - INFO - connect to mysql service, current: djangodata


2025-07-11 14:00:49,227 - dbmq - INFO - connect to mysql service, current: djangodata


2025-07-11 14:00:59,066 - dbmq - INFO - connect to mysql service, current: djangodata


2025-07-11 14:01:05,862 - dbmq - INFO - connect to mysql service, current: djangodata


2025-07-11 14:01:15,719 - dbmq - INFO - connect to mysql service, current: djangodata


2025-07-11 14:01:18,479 - dbmq - INFO - connect to mysql service, current: djangodata


2025-07-11 14:01:23,244 - dbmq - INFO - connect to mysql service, current: djangodata


2025-07-11 14:01:35,067 - dbmq - INFO - connect to mysql service, current: djangodata


2025-07-11 14:33:31,723 - dbmq - INFO - connect to mysql service, current: djangodata


2025-07-11 14:33:38,014 - dbmq - INFO - connect to mysql service, current: djangodata


2025-07-11 14:33:44,775 - dbmq - INFO - connect to mysql service, current: djangodata


2025-07-11 14:34:30,888 - dbmq - INFO - connect to mysql service, current: djangodata


2025-07-11 14:34:30,889 - dbmq - INFO - select column_name, data_type, column_key from information_schema.columns where table_schema='djangodata' and table_name='userata' order by ordinal_position


2025-07-11 14:35:03,553 - dbmq - INFO - connect to mysql service, current: djangodata


2025-07-11 14:35:03,554 - dbmq - INFO - select column_name, data_type, column_key from information_schema.columns where table_schema='djangodata' and table_name='userata' order by ordinal_position


2025-07-11 14:35:25,092 - dbmq - INFO - connect to mysql service, current: djangodata


2025-07-11 14:35:25,094 - dbmq - INFO - select column_name, data_type, column_key from information_schema.columns where table_schema='djangodata' and table_name='userata' order by ordinal_position


2025-07-11 14:36:45,677 - dbmq - INFO - connect to mysql service, current: djangodata


2025-07-11 14:36:45,678 - dbmq - INFO - select table_name from information_schema.tables where table_schema = 'djangodata'


2025-07-11 14:37:41,079 - dbmq - INFO - connect to mysql service, current: djangodata


2025-07-11 14:39:14,587 - dbmq - INFO - connect to mysql service, current: djangodata


2025-07-11 14:39:14,588 - dbmq - WARNING - (1054, "Unknown column 'u' in 'field list'")


2025-07-11 14:39:14,589 - dbmq - INFO - select table_name from information_schema.tables where table_schema = 'djangodata'


2025-07-11 14:39:42,413 - dbmq - INFO - connect to mysql service, current: djangodata


2025-07-11 14:39:42,414 - dbmq - INFO - Select uname From userdata


2025-07-11 14:39:42,415 - dbmq - INFO - select table_name from information_schema.tables where table_schema = 'djangodata'


2025-07-11 14:41:58,819 - dbmq - INFO - connect to mysql service, current: djangodata


2025-07-11 14:41:58,820 - dbmq - INFO - Select uname From userdata


2025-07-11 14:41:58,822 - dbmq - INFO - select table_name from information_schema.tables where table_schema = 'djangodata'


2025-07-11 14:42:22,469 - dbmq - INFO - connect to mysql service, current: djangodata


2025-07-11 14:42:58,521 - dbmq - INFO - connect to mysql service, current: djangodata


2025-07-11 14:42:58,522 - dbmq - INFO - Select uname From userdata Where usrid = 666 


2025-07-11 14:42:58,523 - dbmq - INFO - select table_name from information_schema.tables where table_schema = 'djangodata'


2025-07-11 14:43:04,163 - dbmq - INFO - connect to mysql service, current: djangodata


2025-07-11 14:43:04,164 - dbmq - INFO - Select uname From userdata Where usrid = 132 


2025-07-11 14:43:04,166 - dbmq - INFO - select table_name from information_schema.tables where table_schema = 'djangodata'


2025-07-11 14:45:00,108 - dbmq - INFO - connect to mysql service, current: djangodata


2025-07-11 14:45:00,111 - dbmq - INFO - select column_name, data_type, column_key from information_schema.columns where table_schema='djangodata' and table_name='userdata' order by ordinal_position


2025-07-11 15:04:25,573 - dbmq - INFO - connect to mysql service, current: djangodata


2025-07-11 15:04:25,576 - dbmq - INFO - select column_name, data_type, column_key from information_schema.columns where table_schema='djangodata' and table_name='userdata' order by ordinal_position


2025-07-11 15:07:46,627 - dbmq - INFO - connect to mysql service, current: djangodata


2025-07-11 15:07:46,629 - dbmq - INFO - select column_name, data_type, column_key from information_schema.columns where table_schema='djangodata' and table_name='userdata' order by ordinal_position


2025-07-11 15:09:05,179 - dbmq - INFO - connect to mysql service, current: djangodata


2025-07-11 15:09:05,181 - dbmq - INFO - select column_name, data_type, column_key from information_schema.columns where table_schema='djangodata' and table_name='userdata' order by ordinal_position


2025-07-11 15:09:56,613 - dbmq - INFO - connect to mysql service, current: djangodata


2025-07-11 15:10:18,426 - dbmq - INFO - select column_name, data_type, column_key from information_schema.columns where table_schema='djangodata' and table_name='userdata' order by ordinal_position


2025-07-11 15:11:06,620 - dbmq - INFO - connect to mysql service, current: djangodata


2025-07-11 15:11:06,622 - dbmq - INFO - select column_name, data_type, column_key from information_schema.columns where table_schema='djangodata' and table_name='userdata' order by ordinal_position


2025-07-11 15:11:48,578 - dbmq - INFO - connect to mysql service, current: djangodata


2025-07-11 15:11:48,580 - dbmq - INFO - select column_name, data_type, column_key from information_schema.columns where table_schema='djangodata' and table_name='userdata' order by ordinal_position


2025-07-11 15:12:26,576 - dbmq - INFO - connect to mysql service, current: djangodata


2025-07-11 15:12:26,578 - dbmq - INFO - select column_name, data_type, column_key from information_schema.columns where table_schema='djangodata' and table_name='userdata' order by ordinal_position


2025-07-11 15:12:45,422 - dbmq - INFO - connect to mysql service, current: djangodata


2025-07-11 15:12:45,424 - dbmq - INFO - select column_name, data_type, column_key from information_schema.columns where table_schema='djangodata' and table_name='userdata' order by ordinal_position


2025-07-11 15:13:14,869 - dbmq - INFO - connect to mysql service, current: djangodata


2025-07-11 15:13:14,870 - dbmq - INFO - select column_name, data_type, column_key from information_schema.columns where table_schema='djangodata' and table_name='userdata' order by ordinal_position


2025-07-11 15:14:57,533 - dbmq - INFO - connect to mysql service, current: djangodata


2025-07-11 15:14:57,535 - dbmq - INFO - select column_name, data_type, column_key from information_schema.columns where table_schema='djangodata' and table_name='userdata' order by ordinal_position


2025-07-11 15:16:34,217 - dbmq - INFO - connect to mysql service, current: djangodata


2025-07-11 15:16:34,220 - dbmq - INFO - select column_name, data_type, column_key from information_schema.columns where table_schema='djangodata' and table_name='userdata' order by ordinal_position


2025-07-11 15:17:03,907 - dbmq - INFO - connect to mysql service, current: djangodata


2025-07-11 15:17:03,908 - dbmq - INFO - select column_name, data_type, column_key from information_schema.columns where table_schema='djangodata' and table_name='userdata' order by ordinal_position


2025-07-11 15:17:03,910 - dbmq - INFO - Select uname From userdata Where usrid = 666 


2025-07-11 15:17:25,999 - dbmq - INFO - connect to mysql service, current: djangodata


2025-07-11 15:17:26,000 - dbmq - INFO - select column_name, data_type, column_key from information_schema.columns where table_schema='djangodata' and table_name='userdata' order by ordinal_position


2025-07-11 15:17:26,001 - dbmq - INFO - Select uname From userdata Where usrid = 666 


2025-07-11 15:17:36,548 - dbmq - INFO - connect to mysql service, current: djangodata


2025-07-11 15:17:36,549 - dbmq - INFO - select column_name, data_type, column_key from information_schema.columns where table_schema='djangodata' and table_name='userdata' order by ordinal_position


2025-07-11 15:17:36,550 - dbmq - INFO - Select uname From userdata Where usrid = 666 


2025-07-11 15:26:53,661 - dbmq - INFO - connect to mysql service, current: djangodata


2025-07-11 15:26:53,663 - dbmq - INFO - select column_name, data_type, column_key from information_schema.columns where table_schema='djangodata' and table_name='userdata' order by ordinal_position


2025-07-11 15:26:53,663 - dbmq - INFO - Select uname From userdata Where usrid = 30 


2025-07-11 15:29:26,370 - dbmq - INFO - connect to mysql service, current: djangodata


2025-07-11 15:29:26,372 - dbmq - INFO - select table_name from information_schema.tables where table_schema = 'djangodata'


2025-07-11 15:29:26,373 - dbmq - INFO - select column_name, data_type, column_key from information_schema.columns where table_schema='djangodata' and table_name='userdata' order by ordinal_position


2025-07-11 15:29:26,374 - dbmq - WARNING - (1054, "Unknown column 'u' in 'field list'")


2025-07-11 15:30:58,976 - dbmq - INFO - connect to mysql service, current: djangodata


2025-07-11 15:30:58,980 - dbmq - INFO - select table_name from information_schema.tables where table_schema = 'djangodata'


2025-07-11 15:30:58,981 - dbmq - INFO - select column_name, data_type, column_key from information_schema.columns where table_schema='djangodata' and table_name='userdata' order by ordinal_position


2025-07-11 15:30:58,981 - dbmq - INFO - Select usrid From userdata


2025-07-11 15:31:09,718 - dbmq - INFO - connect to mysql service, current: djangodata


2025-07-11 15:31:09,721 - dbmq - INFO - select table_name from information_schema.tables where table_schema = 'djangodata'


2025-07-11 15:31:09,722 - dbmq - INFO - select column_name, data_type, column_key from information_schema.columns where table_schema='djangodata' and table_name='userdata' order by ordinal_position


2025-07-11 15:31:09,722 - dbmq - INFO - Select uname From userdata


2025-07-11 15:31:38,999 - dbmq - INFO - connect to mysql service, current: djangodata


2025-07-11 15:31:39,002 - dbmq - INFO - select table_name from information_schema.tables where table_schema = 'djangodata'


